<?xml version="1.0" encoding="UTF-8"?>
<!-- Generated by org.testng.reporters.JUnitReportReporter -->
<testsuite hostname="NSL-6388" failures="0" tests="10" name="loungePro.testcases.DailyLogTest" time="462.626" errors="0" timestamp="2024-03-13T16:52:29 IST" skipped="1">
  <testcase classname="loungePro.testcases.DailyLogTest" name="setExistingLocationsAnsShift" time="88.509"/>
  <system-out/>
  <testcase classname="loungePro.testcases.DailyLogTest" name="verifyDailylogByManager" time="46.981"/>
  <system-out/>
  <testcase classname="loungePro.testcases.DailyLogTest" name="verifyDailylogByManager" time="46.326"/>
  <system-out/>
  <testcase classname="loungePro.testcases.DailyLogTest" name="verifyDailylogByManager" time="46.907"/>
  <system-out/>
  <testcase classname="loungePro.testcases.DailyLogTest" name="verifyDailylogByManager" time="48.178"/>
  <system-out/>
  <testcase classname="loungePro.testcases.DailyLogTest" name="verifyDailylogByManager" time="45.919"/>
  <system-out/>
  <testcase classname="loungePro.testcases.DailyLogTest" name="verifyLogEntryAlreadyExists" time="47.172"/>
  <system-out/>
  <testcase classname="loungePro.testcases.DailyLogTest" name="verifClearButton" time="45.345"/>
  <system-out/>
  <testcase classname="loungePro.testcases.DailyLogTest" name="verifyDefaultValues" time="47.289"/>
  <system-out/>
  <testcase classname="loungePro.testcases.DailyLogTest" name="verifyDailyLogPageURL">
    <skipped/>
  </testcase> <!-- verifyDailyLogPageURL -->
  <system-out/>
</testsuite> <!-- loungePro.testcases.DailyLogTest -->
