<?xml version="1.0" encoding="UTF-8"?>
<!-- Generated by org.testng.reporters.JUnitReportReporter -->
<testsuite hostname="NSL-6388" failures="0" tests="1" name="loungePro.testcases.CreateCompanyTest" time="27.370" errors="0" timestamp="2023-12-11T13:08:48 IST" skipped="0">
  <testcase classname="loungePro.testcases.CreateCompanyTest" name="verifyCompanyCreation" time="27.370"/>
  <system-out/>
</testsuite> <!-- loungePro.testcases.CreateCompanyTest -->
