<?xml version="1.0" encoding="UTF-8"?>
<!-- Generated by org.testng.reporters.JUnitReportReporter -->
<testsuite hostname="NSL-6388" failures="0" tests="1" name="loungePro.testcases.PassengerBreakdownTest" time="33.307" errors="0" timestamp="2023-11-28T17:45:58 IST" skipped="0">
  <testcase classname="loungePro.testcases.PassengerBreakdownTest" name="verifypassBreakDownFile" time="33.307"/>
  <system-out/>
</testsuite> <!-- loungePro.testcases.PassengerBreakdownTest -->
