<?xml version="1.0" encoding="UTF-8"?>
<!-- Generated by org.testng.reporters.JUnitReportReporter -->
<testsuite hostname="NSL-6388" failures="0" tests="4" name="loungePro.testcases.LogInPageTest" time="17.759" errors="0" timestamp="2023-11-29T18:16:49 IST" skipped="1">
  <testcase classname="loungePro.testcases.LogInPageTest" name="verifyPageTitle" time="2.977"/>
  <system-out/>
  <testcase classname="loungePro.testcases.LogInPageTest" name="verifyParaHeading" time="6.304"/>
  <system-out/>
  <testcase classname="loungePro.testcases.LogInPageTest" name="verifyCheckIn" time="8.478"/>
  <system-out/>
  <testcase classname="loungePro.testcases.LogInPageTest" name="verifyParaText">
    <skipped/>
  </testcase> <!-- verifyParaText -->
  <system-out/>
</testsuite> <!-- loungePro.testcases.LogInPageTest -->
