<?xml version="1.0" encoding="UTF-8"?>
<!-- Generated by org.testng.reporters.JUnitReportReporter -->
<testsuite hostname="NSL-6388" failures="0" tests="2" name="loungePro.testcases.SuperAdminLocationTest" time="194.421" errors="0" timestamp="2024-02-05T10:14:05 IST" skipped="0">
  <testcase classname="loungePro.testcases.SuperAdminLocationTest" name="verifyNoOfCompaniesFromSuperAdminLocations" time="121.754"/>
  <system-out/>
  <testcase classname="loungePro.testcases.SuperAdminLocationTest" name="verifyCompaniesFromSuperAdminLocations" time="72.667"/>
  <system-out/>
</testsuite> <!-- loungePro.testcases.SuperAdminLocationTest -->
