<?xml version="1.0" encoding="UTF-8"?>
<!-- Generated by org.testng.reporters.JUnitReportReporter -->
<testsuite hostname="NSL-6388" failures="0" tests="4" name="loungePro.testcases.SuperAdminDashboardTest" time="38.465" errors="0" timestamp="2023-11-29T18:16:49 IST" skipped="1">
  <testcase classname="loungePro.testcases.SuperAdminDashboardTest" name="verifyCorrectUserRole" time="11.074"/>
  <system-out/>
  <testcase classname="loungePro.testcases.SuperAdminDashboardTest" name="verifyCorrectUserName" time="12.187"/>
  <system-out/>
  <testcase classname="loungePro.testcases.SuperAdminDashboardTest" name="verifyLogOutUser" time="15.204"/>
  <system-out/>
  <testcase classname="loungePro.testcases.SuperAdminDashboardTest" name="verifyPassenger">
    <skipped/>
  </testcase> <!-- verifyPassenger -->
  <system-out/>
</testsuite> <!-- loungePro.testcases.SuperAdminDashboardTest -->
