<?xml version="1.0" encoding="UTF-8"?>
<!-- Generated by org.testng.reporters.JUnitReportReporter -->
<testsuite hostname="NSL-6388" failures="0" tests="6" name="loungePro.testcases.RegistrationTest" time="130.832" errors="0" timestamp="2023-12-13T19:28:31 IST" skipped="2">
  <testcase classname="loungePro.testcases.RegistrationTest" name="verifyCancelButton" time="37.411"/>
  <system-out/>
  <testcase classname="loungePro.testcases.RegistrationTest" name="verifyManualRegistrionOfPassenger" time="42.156"/>
  <system-out/>
  <testcase classname="loungePro.testcases.RegistrationTest" name="verifyValidationOnReqdFields" time="21.357"/>
  <system-out/>
  <testcase classname="loungePro.testcases.RegistrationTest" name="verifyValidationOfFlightAndLastName" time="29.908"/>
  <system-out/>
  <testcase classname="loungePro.testcases.RegistrationTest" name="verifyOldRegCount">
    <skipped/>
  </testcase> <!-- verifyOldRegCount -->
  <system-out/>
  <testcase classname="loungePro.testcases.RegistrationTest" name="verifyNewRegCount">
    <skipped/>
  </testcase> <!-- verifyNewRegCount -->
  <system-out/>
</testsuite> <!-- loungePro.testcases.RegistrationTest -->
