<?xml version="1.0" encoding="UTF-8"?>
<!-- Generated by org.testng.reporters.JUnitReportReporter -->
<testsuite hostname="NSL-6388" failures="2" tests="10" name="loungePro.testcases.DailyManagerLogTest" time="222.736" errors="0" timestamp="2024-03-13T17:11:02 IST" skipped="4">
  <testcase classname="loungePro.testcases.DailyManagerLogTest" name="verifyNumberOfItems" time="32.965"/>
  <system-out/>
  <testcase classname="loungePro.testcases.DailyManagerLogTest" name="verifyNewlyAddedManagerLogEntries" time="42.109"/>
  <system-out/>
  <testcase classname="loungePro.testcases.DailyManagerLogTest" name="verifyNewlyAddedManagerLogEntries" time="40.786"/>
  <system-out/>
  <testcase classname="loungePro.testcases.DailyManagerLogTest" name="verifyNewlyAddedManagerLogEntries" time="25.453">
    <failure message="Shift is not matched expected [PM] but found [AM]" type="java.lang.AssertionError">
      <![CDATA[java.lang.AssertionError: Shift is not matched expected [PM] but found [AM]
at org.testng.Assert.fail(Assert.java:99)
at org.testng.Assert.failNotEquals(Assert.java:1037)
at org.testng.Assert.assertEqualsImpl(Assert.java:140)
at org.testng.Assert.assertEquals(Assert.java:122)
at org.testng.Assert.assertEquals(Assert.java:629)
at loungePro.testcases.DailyManagerLogTest.verifyNewlyAddedManagerLogEntries(DailyManagerLogTest.java:232)
at java.base/jdk.internal.reflect.DirectMethodHandleAccessor.invoke(DirectMethodHandleAccessor.java:103)
at java.base/java.lang.reflect.Method.invoke(Method.java:580)
at org.testng.internal.MethodInvocationHelper.invokeMethod(MethodInvocationHelper.java:133)
at org.testng.internal.TestInvoker.invokeMethod(TestInvoker.java:598)
at org.testng.internal.TestInvoker.invokeTestMethod(TestInvoker.java:173)
at org.testng.internal.MethodRunner.runInSequence(MethodRunner.java:46)
at org.testng.internal.TestInvoker$MethodInvocationAgent.invoke(TestInvoker.java:824)
at org.testng.internal.TestInvoker.invokeTestMethods(TestInvoker.java:146)
at org.testng.internal.TestMethodWorker.invokeTestMethods(TestMethodWorker.java:146)
at org.testng.internal.TestMethodWorker.run(TestMethodWorker.java:128)
at java.base/java.util.ArrayList.forEach(ArrayList.java:1596)
at org.testng.TestRunner.privateRun(TestRunner.java:794)
at org.testng.TestRunner.run(TestRunner.java:596)
at org.testng.SuiteRunner.runTest(SuiteRunner.java:377)
at org.testng.SuiteRunner.runSequentially(SuiteRunner.java:371)
at org.testng.SuiteRunner.privateRun(SuiteRunner.java:332)
at org.testng.SuiteRunner.run(SuiteRunner.java:276)
at org.testng.SuiteRunnerWorker.runSuite(SuiteRunnerWorker.java:53)
at org.testng.SuiteRunnerWorker.run(SuiteRunnerWorker.java:96)
at org.testng.TestNG.runSuitesSequentially(TestNG.java:1212)
at org.testng.TestNG.runSuitesLocally(TestNG.java:1134)
at org.testng.TestNG.runSuites(TestNG.java:1063)
at org.testng.TestNG.run(TestNG.java:1031)
at org.testng.remote.AbstractRemoteTestNG.run(AbstractRemoteTestNG.java:115)
at org.testng.remote.RemoteTestNG.initAndRun(RemoteTestNG.java:251)
at org.testng.remote.RemoteTestNG.main(RemoteTestNG.java:77)
]]>
    </failure>
  </testcase> <!-- verifyNewlyAddedManagerLogEntries -->
  <system-out/>
  <testcase classname="loungePro.testcases.DailyManagerLogTest" name="verifyNewlyAddedManagerLogEntries" time="40.481"/>
  <system-out/>
  <testcase classname="loungePro.testcases.DailyManagerLogTest" name="verifyNewlyAddedManagerLogEntries" time="40.942">
    <failure message="Success msg text not matching expected [2] but found [3]" type="java.lang.AssertionError">
      <![CDATA[java.lang.AssertionError: Success msg text not matching expected [2] but found [3]
at org.testng.Assert.fail(Assert.java:99)
at org.testng.Assert.failNotEquals(Assert.java:1037)
at org.testng.Assert.assertEqualsImpl(Assert.java:140)
at org.testng.Assert.assertEquals(Assert.java:122)
at org.testng.Assert.assertEquals(Assert.java:629)
at loungePro.testcases.DailyManagerLogTest.verifyNewlyAddedManagerLogEntries(DailyManagerLogTest.java:250)
at java.base/jdk.internal.reflect.DirectMethodHandleAccessor.invoke(DirectMethodHandleAccessor.java:103)
at java.base/java.lang.reflect.Method.invoke(Method.java:580)
at org.testng.internal.MethodInvocationHelper.invokeMethod(MethodInvocationHelper.java:133)
at org.testng.internal.TestInvoker.invokeMethod(TestInvoker.java:598)
at org.testng.internal.TestInvoker.invokeTestMethod(TestInvoker.java:173)
at org.testng.internal.MethodRunner.runInSequence(MethodRunner.java:46)
at org.testng.internal.TestInvoker$MethodInvocationAgent.invoke(TestInvoker.java:824)
at org.testng.internal.TestInvoker.invokeTestMethods(TestInvoker.java:146)
at org.testng.internal.TestMethodWorker.invokeTestMethods(TestMethodWorker.java:146)
at org.testng.internal.TestMethodWorker.run(TestMethodWorker.java:128)
at java.base/java.util.ArrayList.forEach(ArrayList.java:1596)
at org.testng.TestRunner.privateRun(TestRunner.java:794)
at org.testng.TestRunner.run(TestRunner.java:596)
at org.testng.SuiteRunner.runTest(SuiteRunner.java:377)
at org.testng.SuiteRunner.runSequentially(SuiteRunner.java:371)
at org.testng.SuiteRunner.privateRun(SuiteRunner.java:332)
at org.testng.SuiteRunner.run(SuiteRunner.java:276)
at org.testng.SuiteRunnerWorker.runSuite(SuiteRunnerWorker.java:53)
at org.testng.SuiteRunnerWorker.run(SuiteRunnerWorker.java:96)
at org.testng.TestNG.runSuitesSequentially(TestNG.java:1212)
at org.testng.TestNG.runSuitesLocally(TestNG.java:1134)
at org.testng.TestNG.runSuites(TestNG.java:1063)
at org.testng.TestNG.run(TestNG.java:1031)
at org.testng.remote.AbstractRemoteTestNG.run(AbstractRemoteTestNG.java:115)
at org.testng.remote.RemoteTestNG.initAndRun(RemoteTestNG.java:251)
at org.testng.remote.RemoteTestNG.main(RemoteTestNG.java:77)
]]>
    </failure>
  </testcase> <!-- verifyNewlyAddedManagerLogEntries -->
  <system-out/>
  <testcase classname="loungePro.testcases.DailyManagerLogTest" name="verifyDefaultToDate">
    <skipped/>
  </testcase> <!-- verifyDefaultToDate -->
  <system-out/>
  <testcase classname="loungePro.testcases.DailyManagerLogTest" name="verifyNewlyAddedManagerLogEntriesOld">
    <skipped/>
  </testcase> <!-- verifyNewlyAddedManagerLogEntriesOld -->
  <system-out/>
  <testcase classname="loungePro.testcases.DailyManagerLogTest" name="verifyDefaultFromDate">
    <skipped/>
  </testcase> <!-- verifyDefaultFromDate -->
  <system-out/>
  <testcase classname="loungePro.testcases.DailyManagerLogTest" name="verifyDailyManagerLogEntryPageURL">
    <skipped/>
  </testcase> <!-- verifyDailyManagerLogEntryPageURL -->
  <system-out/>
</testsuite> <!-- loungePro.testcases.DailyManagerLogTest -->
