<?xml version="1.0" encoding="UTF-8"?>
<!-- Generated by org.testng.reporters.JUnitReportReporter -->
<testsuite hostname="NSL-6388" failures="0" tests="11" name="loungePro.testcases.SuperAdminDashboardTest" time="180.707" errors="0" timestamp="2024-02-28T11:08:49 IST" skipped="0">
  <testcase classname="loungePro.testcases.SuperAdminDashboardTest" name="verifyCompanyTab" time="19.704"/>
  <system-out/>
  <testcase classname="loungePro.testcases.SuperAdminDashboardTest" name="verifyCorrectUserName" time="15.636"/>
  <system-out/>
  <testcase classname="loungePro.testcases.SuperAdminDashboardTest" name="verifyManagerLogTab" time="16.607"/>
  <system-out/>
  <testcase classname="loungePro.testcases.SuperAdminDashboardTest" name="verifyPermissionsTab" time="13.702"/>
  <system-out/>
  <testcase classname="loungePro.testcases.SuperAdminDashboardTest" name="verifyCorrectUserRole" time="13.716"/>
  <system-out/>
  <testcase classname="loungePro.testcases.SuperAdminDashboardTest" name="verifyUsersTab" time="13.323"/>
  <system-out/>
  <testcase classname="loungePro.testcases.SuperAdminDashboardTest" name="verifyLocationsTab" time="21.408"/>
  <system-out/>
  <testcase classname="loungePro.testcases.SuperAdminDashboardTest" name="verifyDownQR" time="17.427"/>
  <system-out/>
  <testcase classname="loungePro.testcases.SuperAdminDashboardTest" name="verifyRolesTab" time="16.126"/>
  <system-out/>
  <testcase classname="loungePro.testcases.SuperAdminDashboardTest" name="verifyPassenger" time="15.507"/>
  <system-out/>
  <testcase classname="loungePro.testcases.SuperAdminDashboardTest" name="verifyLogOutUser" time="17.551"/>
  <system-out/>
</testsuite> <!-- loungePro.testcases.SuperAdminDashboardTest -->
