<?xml version="1.0" encoding="UTF-8"?>
<!-- Generated by org.testng.reporters.JUnitReportReporter -->
<testsuite hostname="NSL-6388" failures="0" tests="2" name="loungePro.testcases.GeneralDashBoardTest" time="172.960" errors="0" timestamp="2024-02-05T10:36:13 IST" skipped="0">
  <testcase classname="loungePro.testcases.GeneralDashBoardTest" name="verifyNumberOfCompanies" time="50.900"/>
  <system-out/>
  <testcase classname="loungePro.testcases.GeneralDashBoardTest" name="verifyCompanyNames" time="122.060"/>
  <system-out/>
</testsuite> <!-- loungePro.testcases.GeneralDashBoardTest -->
