<?xml version="1.0" encoding="UTF-8"?>
<!-- Generated by org.testng.reporters.JUnitReportReporter -->
<testsuite hostname="NSL-6388" failures="0" tests="3" name="loungePro.testcases.RegistrationTest" time="72.676" errors="0" timestamp="2023-11-30T16:35:17 IST" skipped="0">
  <testcase classname="loungePro.testcases.RegistrationTest" name="verifyOldRegCount" time="25.514"/>
  <system-out/>
  <testcase classname="loungePro.testcases.RegistrationTest" name="verifyManualRegistrionOfPassenger" time="22.071"/>
  <system-out/>
  <testcase classname="loungePro.testcases.RegistrationTest" name="verifyNewRegCount" time="25.091"/>
  <system-out/>
</testsuite> <!-- loungePro.testcases.RegistrationTest -->
