<?xml version="1.0" encoding="UTF-8"?>
<!-- Generated by org.testng.reporters.JUnitReportReporter -->
<testsuite hostname="NSL-6388" failures="0" tests="1" name="loungePro.testcases.PassengerBreakdownTest" time="46.295" errors="0" timestamp="2024-02-05T10:14:05 IST" skipped="0">
  <testcase classname="loungePro.testcases.PassengerBreakdownTest" name="verifypassBreakDownFile" time="46.295"/>
  <system-out/>
</testsuite> <!-- loungePro.testcases.PassengerBreakdownTest -->
