<?xml version="1.0" encoding="UTF-8"?>
<!-- Generated by org.testng.reporters.JUnitReportReporter -->
<testsuite hostname="NSL-6388" failures="0" tests="2" name="loungePro.testcases.SuperAdminLocationTest" time="83.205" errors="0" timestamp="2023-12-07T13:01:23 IST" skipped="0">
  <testcase classname="loungePro.testcases.SuperAdminLocationTest" name="verifyCompaniesFromSuperAdminLocations" time="18.158"/>
  <system-out/>
  <testcase classname="loungePro.testcases.SuperAdminLocationTest" name="verifyNoOfCompaniesFromSuperAdminLocations" time="65.047"/>
  <system-out/>
</testsuite> <!-- loungePro.testcases.SuperAdminLocationTest -->
