<?xml version="1.0" encoding="UTF-8"?>
<!-- Generated by org.testng.reporters.JUnitReportReporter -->
<testsuite hostname="NSL-6388" failures="0" tests="1" name="loungePro.testcases.restassAPI" time="1.903" errors="0" timestamp="2024-03-06T16:40:49 IST" skipped="0">
  <testcase classname="loungePro.testcases.restassAPI" name="testAPI" time="1.903"/>
  <system-out/>
</testsuite> <!-- loungePro.testcases.restassAPI -->
