<?xml version="1.0" encoding="UTF-8"?>
<!-- Generated by org.testng.reporters.JUnitReportReporter -->
<testsuite hostname="NSL-6388" failures="0" tests="10" name="loungePro.testcases.SuperAdminDashboardTest" time="53.581" errors="0" timestamp="2023-12-06T12:44:48 IST" skipped="6">
  <testcase classname="loungePro.testcases.SuperAdminDashboardTest" name="verifyPermissionsTab" time="12.824"/>
  <system-out/>
  <testcase classname="loungePro.testcases.SuperAdminDashboardTest" name="verifyManagerLogTab" time="11.764"/>
  <system-out/>
  <testcase classname="loungePro.testcases.SuperAdminDashboardTest" name="verifyLocationsTab" time="13.191"/>
  <system-out/>
  <testcase classname="loungePro.testcases.SuperAdminDashboardTest" name="verifyLogOutUser" time="15.802"/>
  <system-out/>
  <testcase classname="loungePro.testcases.SuperAdminDashboardTest" name="verifyRolesTab">
    <skipped/>
  </testcase> <!-- verifyRolesTab -->
  <system-out/>
  <testcase classname="loungePro.testcases.SuperAdminDashboardTest" name="verifyUsersTab">
    <skipped/>
  </testcase> <!-- verifyUsersTab -->
  <system-out/>
  <testcase classname="loungePro.testcases.SuperAdminDashboardTest" name="verifyPassenger">
    <skipped/>
  </testcase> <!-- verifyPassenger -->
  <system-out/>
  <testcase classname="loungePro.testcases.SuperAdminDashboardTest" name="verifyCorrectUserName">
    <skipped/>
  </testcase> <!-- verifyCorrectUserName -->
  <system-out/>
  <testcase classname="loungePro.testcases.SuperAdminDashboardTest" name="verifyCorrectUserRole">
    <skipped/>
  </testcase> <!-- verifyCorrectUserRole -->
  <system-out/>
  <testcase classname="loungePro.testcases.SuperAdminDashboardTest" name="verifyCompanyTab">
    <skipped/>
  </testcase> <!-- verifyCompanyTab -->
  <system-out/>
</testsuite> <!-- loungePro.testcases.SuperAdminDashboardTest -->
