<?xml version="1.0" encoding="UTF-8"?>
<!-- Generated by org.testng.reporters.JUnitReportReporter -->
<testsuite hostname="NSL-6388" failures="0" tests="4" name="loungePro.testcases.LogInPageTest" time="19.189" errors="0" timestamp="2023-12-06T12:44:48 IST" skipped="1">
  <testcase classname="loungePro.testcases.LogInPageTest" name="verifyPageTitle" time="3.139"/>
  <system-out/>
  <testcase classname="loungePro.testcases.LogInPageTest" name="verifyParaHeading" time="6.734"/>
  <system-out/>
  <testcase classname="loungePro.testcases.LogInPageTest" name="verifyCheckIn" time="9.316"/>
  <system-out/>
  <testcase classname="loungePro.testcases.LogInPageTest" name="verifyParaText">
    <skipped/>
  </testcase> <!-- verifyParaText -->
  <system-out/>
</testsuite> <!-- loungePro.testcases.LogInPageTest -->
