<?xml version="1.0" encoding="UTF-8"?>
<!-- Generated by org.testng.reporters.JUnitReportReporter -->
<testsuite hostname="NSL-6388" failures="0" tests="7" name="loungePro.testcases.LogInPageTest" time="60.777" errors="0" timestamp="2024-03-11T12:07:16 IST" skipped="0">
  <testcase classname="loungePro.testcases.LogInPageTest" name="verifyCheckIn" time="16.746"/>
  <system-out/>
  <testcase classname="loungePro.testcases.LogInPageTest" name="verifyValidationMessageWhenNoCredentialsEntered" time="8.035"/>
  <system-out/>
  <testcase classname="loungePro.testcases.LogInPageTest" name="verifyValidationMessageNoPasswordEntered" time="7.990"/>
  <system-out/>
  <testcase classname="loungePro.testcases.LogInPageTest" name="verifyValidationMessageInvalidIdAndPassword" time="9.369"/>
  <system-out/>
  <testcase classname="loungePro.testcases.LogInPageTest" name="verifyPageTitle" time="3.476"/>
  <system-out/>
  <testcase classname="loungePro.testcases.LogInPageTest" name="verifyParaHeading" time="8.374"/>
  <system-out/>
  <testcase classname="loungePro.testcases.LogInPageTest" name="verifyParaText" time="6.787"/>
  <system-out/>
</testsuite> <!-- loungePro.testcases.LogInPageTest -->
