<?xml version="1.0" encoding="UTF-8"?>
<!-- Generated by org.testng.reporters.JUnitReportReporter -->
<testsuite hostname="NSL-6388" failures="0" tests="6" name="loungePro.testcases.RegistrationTest" time="86.034" errors="0" timestamp="2024-03-11T12:04:58 IST" skipped="4">
  <testcase classname="loungePro.testcases.RegistrationTest" name="verifyValidationOnReqdFields" time="49.380"/>
  <system-out/>
  <testcase classname="loungePro.testcases.RegistrationTest" name="verifyValidationOfFlightAndLastName" time="36.654"/>
  <system-out/>
  <testcase classname="loungePro.testcases.RegistrationTest" name="verifyOldRegCount">
    <skipped/>
  </testcase> <!-- verifyOldRegCount -->
  <system-out/>
  <testcase classname="loungePro.testcases.RegistrationTest" name="verifyManualRegistrionOfPassenger">
    <skipped/>
  </testcase> <!-- verifyManualRegistrionOfPassenger -->
  <system-out/>
  <testcase classname="loungePro.testcases.RegistrationTest" name="verifyNewRegCount">
    <skipped/>
  </testcase> <!-- verifyNewRegCount -->
  <system-out/>
  <testcase classname="loungePro.testcases.RegistrationTest" name="verifyCancelButton">
    <skipped/>
  </testcase> <!-- verifyCancelButton -->
  <system-out/>
</testsuite> <!-- loungePro.testcases.RegistrationTest -->
