<?xml version="1.0" encoding="UTF-8"?>
<!-- Generated by org.testng.reporters.JUnitReportReporter -->
<testsuite hostname="NSL-6388" failures="0" tests="6" name="loungePro.testcases.CreateCompanyTest" time="123.929" errors="0" timestamp="2024-02-29T16:13:54 IST" skipped="0">
  <testcase classname="loungePro.testcases.CreateCompanyTest" name="verifyCompanyCreation" time="20.133"/>
  <system-out/>
  <testcase classname="loungePro.testcases.CreateCompanyTest" name="verifyValidationCompanyNameAndDisplayName" time="21.344"/>
  <system-out/>
  <testcase classname="loungePro.testcases.CreateCompanyTest" name="verifyEditCompany" time="21.964"/>
  <system-out/>
  <testcase classname="loungePro.testcases.CreateCompanyTest" name="verifyCreateCompanyURLOnClickOfBackIcon" time="19.429"/>
  <system-out/>
  <testcase classname="loungePro.testcases.CreateCompanyTest" name="verifyCreateCompanyURL" time="20.914"/>
  <system-out/>
  <testcase classname="loungePro.testcases.CreateCompanyTest" name="verifyClearButton" time="20.145"/>
  <system-out/>
</testsuite> <!-- loungePro.testcases.CreateCompanyTest -->
