<?xml version="1.0" encoding="UTF-8"?>
<!-- Generated by org.testng.reporters.JUnitReportReporter -->
<testsuite hostname="NSL-6388" failures="0" tests="1" name="loungePro.testcases.SuperAdminDashboardPageTest" time="16.026" errors="0" timestamp="2023-11-25T14:09:07 IST" skipped="0">
  <testcase classname="loungePro.testcases.SuperAdminDashboardPageTest" name="verifyLogOutUser" time="16.026"/>
  <system-out/>
</testsuite> <!-- loungePro.testcases.SuperAdminDashboardPageTest -->
